<?xml version="1.0" encoding="UTF-8"?>
<!-- Generated by org.testng.reporters.JUnitReportReporter -->
<testsuite hostname="SIVAIAH-PC" name="log4j.Log4jLib" tests="1" failures="0" timestamp="24 May 2016 18:37:33 GMT" time="1.540" errors="0">
  <testcase name="log" time="1.540" classname="log4j.Log4jLib"/>
</testsuite> <!-- log4j.Log4jLib -->
