<?xml version="1.0" encoding="UTF-8"?>
<!-- Generated by org.testng.reporters.JUnitReportReporter -->
<testsuite hostname="SIVAIAH-PC" name="configurationDemo.TestLearnAutomation" tests="1" failures="0" timestamp="6 Jun 2016 13:47:15 GMT" time="0.032" errors="0">
  <testcase name="testChrome" time="0.032" classname="configurationDemo.TestLearnAutomation"/>
</testsuite> <!-- configurationDemo.TestLearnAutomation -->
